# JRE version: Java(TM) SE Runtime Environment (20.0.2+9) (build 20.0.2+9-78)
# Java VM: Java HotSpot(TM) 64-Bit Server VM (20.0.2+9-78, mixed mode, sharing, tiered, compressed oops, compressed class ptrs, g1 gc, windows-amd64)
GC Precious Log:
 CardTable entry size: 512
 Card Set container configuration: InlinePtr #cards 5 size 8 Array Of Cards #cards 12 size 40 Howl #buckets 4 coarsen threshold 1843 Howl Bitmap #cards 512 size 80 coarsen threshold 460 Card regions per heap region 1 cards per card region 2048
 CPUs: 12 total, 12 available
 Memory: 7955M
 Large Page Support: Disabled
 NUMA Support: Disabled
 Compressed Oops: Enabled (32-bit)
 Heap Region Size: 1M
 Heap Min Capacity: 256M
 Heap Initial Capacity: 256M
 Heap Max Capacity: 512M
 Pre-touch: Disabled
 Parallel Workers: 10
 Concurrent Workers: 3
 Concurrent Refinement Workers: 10
 Periodic GC: Disabled
Heap:
 garbage-first heap   total 262144K, used 137368K [0x00000000e0000000, 0x0000000100000000)
  region size 1024K, 112 young (114688K), 8 survivors (8192K)
 Metaspace       used 47387K, committed 49088K, reserved 380928K
  class space    used 6839K, committed 7680K, reserved 315392K
GC Heap History (14 events):
Event: 1.671 GC heap before
{Heap before GC invocations=0 (full 0):
 garbage-first heap   total 262144K, used 22528K [0x00000000e0000000, 0x0000000100000000)
  region size 1024K, 23 young (23552K), 0 survivors (0K)
 Metaspace       used 897K, committed 1024K, reserved 380928K
  class space    used 67K, committed 128K, reserved 315392K
}
Event: 1.673 GC heap after
{Heap after GC invocations=1 (full 0):
 garbage-first heap   total 262144K, used 1610K [0x00000000e0000000, 0x0000000100000000)
  region size 1024K, 2 young (2048K), 2 survivors (2048K)
 Metaspace       used 897K, committed 1024K, reserved 380928K
  class space    used 67K, committed 128K, reserved 315392K
}
Event: 4.646 GC heap before
{Heap before GC invocations=1 (full 0):
 garbage-first heap   total 262144K, used 40522K [0x00000000e0000000, 0x0000000100000000)
  region size 1024K, 38 young (38912K), 2 survivors (2048K)
 Metaspace       used 4288K, committed 4480K, reserved 380928K
  class space    used 535K, committed 640K, reserved 315392K
}
Event: 4.652 GC heap after
{Heap after GC invocations=2 (full 0):
 garbage-first heap   total 262144K, used 10686K [0x00000000e0000000, 0x0000000100000000)
  region size 1024K, 5 young (5120K), 5 survivors (5120K)
 Metaspace       used 4288K, committed 4480K, reserved 380928K
  class space    used 535K, committed 640K, reserved 315392K
}
Event: 9.641 GC heap before
{Heap before GC invocations=2 (full 0):
 garbage-first heap   total 262144K, used 63934K [0x00000000e0000000, 0x0000000100000000)
  region size 1024K, 55 young (56320K), 5 survivors (5120K)
 Metaspace       used 5589K, committed 5824K, reserved 380928K
  class space    used 741K, committed 832K, reserved 315392K
}
Event: 9.650 GC heap after
{Heap after GC invocations=3 (full 0):
 garbage-first heap   total 262144K, used 17368K [0x00000000e0000000, 0x0000000100000000)
  region size 1024K, 6 young (6144K), 6 survivors (6144K)
 Metaspace       used 5589K, committed 5824K, reserved 380928K
  class space    used 741K, committed 832K, reserved 315392K
}
Event: 13.115 GC heap before
{Heap before GC invocations=3 (full 0):
 garbage-first heap   total 262144K, used 108504K [0x00000000e0000000, 0x0000000100000000)
  region size 1024K, 96 young (98304K), 6 survivors (6144K)
 Metaspace       used 20879K, committed 21504K, reserved 380928K
  class space    used 3002K, committed 3328K, reserved 315392K
}
Event: 13.126 GC heap after
{Heap after GC invocations=4 (full 0):
 garbage-first heap   total 262144K, used 24195K [0x00000000e0000000, 0x0000000100000000)
  region size 1024K, 12 young (12288K), 12 survivors (12288K)
 Metaspace       used 20879K, committed 21504K, reserved 380928K
  class space    used 3002K, committed 3328K, reserved 315392K
}
Event: 17.877 GC heap before
{Heap before GC invocations=5 (full 0):
 garbage-first heap   total 262144K, used 153219K [0x00000000e0000000, 0x0000000100000000)
  region size 1024K, 138 young (141312K), 12 survivors (12288K)
 Metaspace       used 35033K, committed 36096K, reserved 380928K
  class space    used 4824K, committed 5376K, reserved 315392K
}
Event: 17.902 GC heap after
{Heap after GC invocations=6 (full 0):
 garbage-first heap   total 262144K, used 32394K [0x00000000e0000000, 0x0000000100000000)
  region size 1024K, 15 young (15360K), 15 survivors (15360K)
 Metaspace       used 35033K, committed 36096K, reserved 380928K
  class space    used 4824K, committed 5376K, reserved 315392K
}
Event: 17.995 GC heap before
{Heap before GC invocations=6 (full 0):
 garbage-first heap   total 262144K, used 33418K [0x00000000e0000000, 0x0000000100000000)
  region size 1024K, 17 young (17408K), 15 survivors (15360K)
 Metaspace       used 35281K, committed 36416K, reserved 380928K
  class space    used 4860K, committed 5440K, reserved 315392K
}
Event: 18.005 GC heap after
{Heap after GC invocations=7 (full 0):
 garbage-first heap   total 262144K, used 31624K [0x00000000e0000000, 0x0000000100000000)
  region size 1024K, 8 young (8192K), 8 survivors (8192K)
 Metaspace       used 35281K, committed 36416K, reserved 380928K
  class space    used 4860K, committed 5440K, reserved 315392K
}
Event: 18.536 GC heap before
{Heap before GC invocations=7 (full 0):
 garbage-first heap   total 262144K, used 34696K [0x00000000e0000000, 0x0000000100000000)
  region size 1024K, 12 young (12288K), 8 survivors (8192K)
 Metaspace       used 35593K, committed 36736K, reserved 380928K
  class space    used 4916K, committed 5504K, reserved 315392K
}
Event: 18.543 GC heap after
{Heap after GC invocations=8 (full 0):
 garbage-first heap   total 262144K, used 31896K [0x00000000e0000000, 0x0000000100000000)
  region size 1024K, 8 young (8192K), 8 survivors (8192K)
 Metaspace       used 35593K, committed 36736K, reserved 380928K
  class space    used 4916K, committed 5504K, reserved 315392K
}

